1617547295348	geckodriver	INFO	Listening on 127.0.0.1:54887
1617547298403	mozrunner::runner	INFO	Running command: "C:\\Program Files\\Mozilla Firefox\\firefox.exe" "--marionette" "-foreground" "-no-remote" "-profile" "C:\\Users\\justi\\AppData\\Local\\Temp\\rust_mozprofilepYOvcv"
console.warn: SearchSettings: "get: No settings file exists, new profile?" (new Error("", "(unknown module)"))
1617547305844	Marionette	INFO	Listening on port 54895
1617547305924	Marionette	WARN	TLS certificate errors will be ignored for this session
1617547534444	Marionette	INFO	Stopped listening on port 54895

###!!! [Child][RunMessage] Error: Channel closing: too late to send/recv, messages will be lost

1617547579824	geckodriver	INFO	Listening on 127.0.0.1:55072
1617547582895	mozrunner::runner	INFO	Running command: "C:\\Program Files\\Mozilla Firefox\\firefox.exe" "--marionette" "-foreground" "-no-remote" "-profile" "C:\\Users\\justi\\AppData\\Local\\Temp\\rust_mozprofilekMOgJQ"
console.warn: SearchSettings: "get: No settings file exists, new profile?" (new Error("", "(unknown module)"))
1617547589865	Marionette	INFO	Listening on port 55080
1617547590124	Marionette	WARN	TLS certificate errors will be ignored for this session
console.log: WebExtensions: reset-default-search: No addons in our list are installed.
JavaScript error: , line 0: NS_ERROR_NOT_AVAILABLE
1617548502724	Marionette	INFO	Stopped listening on port 55080

###!!! [Child][RunMessage] Error: Channel closing: too late to send/recv, messages will be lost

1617549270441	geckodriver	INFO	Listening on 127.0.0.1:55466
1617549273503	mozrunner::runner	INFO	Running command: "C:\\Program Files\\Mozilla Firefox\\firefox.exe" "--marionette" "-foreground" "-no-remote" "-profile" "C:\\Users\\justi\\AppData\\Local\\Temp\\rust_mozprofile1F3q92"
console.warn: SearchSettings: "get: No settings file exists, new profile?" (new Error("", "(unknown module)"))
1617549280826	Marionette	INFO	Listening on port 55475
1617549280984	Marionette	WARN	TLS certificate errors will be ignored for this session

###!!! [Child][RunMessage] Error: Channel closing: too late to send/recv, messages will be lost

1617549290410	Marionette	INFO	Stopped listening on port 55475
1617552460141	geckodriver	INFO	Listening on 127.0.0.1:55961
1617552463206	mozrunner::runner	INFO	Running command: "C:\\Program Files\\Mozilla Firefox\\firefox.exe" "--marionette" "-foreground" "-no-remote" "-profile" "C:\\Users\\justi\\AppData\\Local\\Temp\\rust_mozprofile6DrDO2"
console.warn: SearchSettings: "get: No settings file exists, new profile?" (new Error("", "(unknown module)"))
1617552470211	Marionette	INFO	Listening on port 55970
1617552470690	Marionette	WARN	TLS certificate errors will be ignored for this session
1617552926515	Marionette	INFO	Stopped listening on port 55970

###!!! [Child][RunMessage] Error: Channel closing: too late to send/recv, messages will be lost

"--marionette" "-foreground" "-no-remote" "-profile" "C:\\Users\\justi\\AppData\\Local\\Temp\\rust_mozprofile9Uv98b"
console.warn: SearchSettings: "get: No settings file exists, new profile?" (new Error("", "(unknown module)"))
1617552878478	Marionette	INFO	Listening on port 56248
1617552878988	Marionette	WARN	TLS certificate errors will be ignored for this session
1617553263636	Marionette	INFO	Stopped listening on port 56248

###!!! [Child][RunMessage] Error: Channel closing: too late to send/recv, messages will be lost

"--marionette" "-foreground" "-no-remote" "-profile" "C:\\Users\\justi\\AppData\\Local\\Temp\\rust_mozprofile076vK7"
console.warn: SearchSettings: "get: No settings file exists, new profile?" (new Error("", "(unknown module)"))
1617553025095	Marionette	INFO	Listening on port 56440
1617553025487	Marionette	WARN	TLS certificate errors will be ignored for this session
1617553261071	Marionette	INFO	Stopped listening on port 56440

###!!! [Child][RunMessage] Error: Channel closing: too late to send/recv, messages will be lost

"--marionette" "-foreground" "-no-remote" "-profile" "C:\\Users\\justi\\AppData\\Local\\Temp\\rust_mozprofilema8BYA"
console.warn: SearchSettings: "get: No settings file exists, new profile?" (new Error("", "(unknown module)"))
1617553244073	Marionette	INFO	Listening on port 56630
1617553244515	Marionette	WARN	TLS certificate errors will be ignored for this session

###!!! [Child][RunMessage] Error: Channel closing: too late to send/recv, messages will be lost

JavaScript error: resource://gre/modules/AsyncShutdown.jsm, line 718: Error: Phase "Sqlite.jsm: wait until all connections are closed" is finished, it is too late to register completion condition "protections.sqlite#0: waiting for shutdown"
1617553266499	Marionette	INFO	Stopped listening on port 56630

###!!! [Child][RunMessage] Error: Channel closing: too late to send/recv, messages will be lost

1617553916304	geckodriver	INFO	Listening on 127.0.0.1:57031
1617553919355	mozrunner::runner	INFO	Running command: "C:\\Program Files\\Mozilla Firefox\\firefox.exe" "--marionette" "-foreground" "-no-remote" "-profile" "C:\\Users\\justi\\AppData\\Local\\Temp\\rust_mozprofileWbFbLI"
console.warn: SearchSettings: "get: No settings file exists, new profile?" (new Error("", "(unknown module)"))
1617553926190	Marionette	INFO	Listening on port 57042
1617553926365	Marionette	WARN	TLS certificate errors will be ignored for this session

###!!! [Child][RunMessage] Error: Channel closing: too late to send/recv, messages will be lost

JavaScript error: resource://gre/modules/AsyncShutdown.jsm, line 718: Error: Phase "Sqlite.jsm: wait until all connections are closed" is finished, it is too late to register complconsole.warn: SearchSettings: "get: No settings file exists, new profile?" (new Error("", "(unknown module)"))
1617554154724	Marionette	INFO	Listening on port 57216
1617554155120	Marionette	WARN	TLS certificate errors will be ignored for this session
1617554226674	Marionette	INFO	Stopped listening on port 57216

###!!! [Child][RunMessage] Error: Channel closing: too late to send/recv, messages will be lost

1617554420545	geckodriver	INFO	Listening on 127.0.0.1:57409
1617554423620	mozrunner::runner	INFO	Running command: "C:\\Program Files\\Mozilla Firefox\\firefox.exe" "--marionette" "-foreground" "-no-remote" "-profile" "C:\\Users\\justi\\AppData\\Local\\Temp\\rust_mozprofileuydmEq"
console.warn: SearchSettings: "get: No settings file exists, new profile?" (new Error("", "(unknown module)"))
1617554430098	Marionette	INFO	Listening on port 57418
1617554430587	Marionette	WARN	TLS certificate errors will be ignored for this session
console.log: WebExtensions: reset-default-search: No addons in our list are installed.
[Parent 33136, IPC I/O Parent] WARNING: file /builds/worker/checkouts/gecko/ipc/chromium/src/base/process_util_win.cc:167
1617557819814	Marionette	INFO	Stopped listening on port 57418

###!!! [Child][RunMessage] Error: Channel closing: too late to send/recv, messages will be lost

known module)"))
1617554545487	Marionette	INFO	Listening on port 57541
1617554545906	Marionette	WARN	TLS certificate errors will be ignored for this session
1617557677869	Marionette	INFO	Stopped listening on port 57541

###!!! [Child][RunMessage] Error: Channel closing: too late to send/recv, messages will be lost

1617558255685	geckodriver	INFO	Listening on 127.0.0.1:58260
1617558258730	mozrunner::runner	INFO	Running command: "C:\\Program Files\\Mozilla Firefox\\firefox.exe" "--marionette" "-foreground" "-no-remote" "-profile" "C:\\Users\\justi\\AppData\\Local\\Temp\\rust_mozprofilebQHEab"
console.warn: SearchSettings: "get: No settings file exists, new profile?" (new Error("", "(unknown module)"))
1617558264738	Marionette	INFO	Listening on port 58271
1617558265124	Marionette	WARN	TLS certificate errors will be ignored for this session

###!!! [Child][RunMessage] Error: Channel closing: too late to send/recv, messages will be lost

1617558297633	Marionette	INFO	Stopped listening on port 58271

###!!! [Child][RunMessage] Error: Channel closing: too late to send/recv, messages will be lost

1617559031190	geckodriver	INFO	Listening on 127.0.0.1:58704
1617559034262	mozrunner::runner	INFO	Running command: "C:\\Program Files\\Mozilla Firefox\\firefox.exe" "--marionette" "-foreground" "-no-remote" "-profile" "C:\\Users\\justi\\AppData\\Local\\Temp\\rust_mozprofileZu7icC"
console.warn: SearchSettings: "get: No settings file exists, new profile?" (new Error("", "(unknown module)"))
1617559040239	Marionette	INFO	Listening on port 58714
1617559040612	Marionette	WARN	TLS certificate errors will be ignored for this session
1617559237099	Marionette	INFO	Stopped listening on port 58714

###!!! [Child][RunMessage] Error: Channel closing: too late to send/recv, messages will be lost

"--marionette" "-foreground" "-no-remote" "-profile" "C:\\Users\\justi\\AppData\\Local\\Temp\\rust_mozprofileI5CChP"
console.warn: SearchSettings: "get: No settings file exists, new profile?" (new Error("", "(unknown module)"))
1617559138930	Marionette	INFO	Listening on port 58826
1617559139278	Marionette	WARN	TLS certificate errors will be ignored for this session
JavaScript error: resource://gre/modules/AsyncShutdown.jsm, line 718: Error: Phase "Sqlite.jsm: wait until all connections are closed" is finished, it is too late to register completion condition "protections.sqlite#0: waiting for shutdown"
1617559240271	Marionette	INFO	Stopped listening on port 58826

###!!! [Child][RunMessage] Error: Channel closing: too late to send/recv, messages will be lost

	Marionette	INFO	Listening on port 58923
1617559202005	Marionette	WARN	TLS certificate errors will be ignored for this session
1617559305489	Marionette	INFO	Stopped listening on port 58923

###!!! [Child][RunMessage] Error: Channel closing: too late to send/recv, messages will be lost

"--marionette" "-foreground" "-no-remote" "-profile" "C:\\Users\\justi\\AppData\\Local\\Temp\\rust_mozprofileUQEOMZ"
console.warn: SearchSettings: "get: No settings file exists, new profile?" (new Error("", "(unknown module)"))
1617559302666	Marionette	INFO	Listening on port 59048
1617559302898	Marionette	WARN	TLS certificate errors will be ignored for this session
console.log: WebExtensions: reset-default-search: No addons in our list are installed.
1617559826471	Marionette	INFO	Stopped listening on port 59048

###!!! [Child][RunMessage] Error: Channel closing: too late to send/recv, messages will be lost

Temp\\rust_mozprofileoo1kkA"
console.warn: SearchSettings: "get: No settings file exists, new profile?" (new Error("", "(unknown module)"))
1617559465427	Marionette	INFO	Listening on port 59198
1617559465512	Marionette	WARN	TLS certificate errors will be ignored for this session
[Parent 13296, IPC I/O Parent] WARNING: file /builds/worker/checkouts/gecko/ipc/chromium/src/base/process_util_win.cc:167
1617559828927	Marionette	INFO	Stopped listening on port 59198

###!!! [Child][RunMessage] Error: Channel closing: too late to send/recv, messages will be lost

1617560269022	geckodriver	INFO	Listening on 127.0.0.1:59652
1617560272079	mozrunner::runner	INFO	Running command: "C:\\Program Files\\Mozilla Firefox\\firefox.exe" "--marionette" "-foreground" "-no-remote" "-profile" "C:\\Users\\justi\\AppData\\Local\\Temp\\rust_mozprofileFAg9qP"
console.warn: SearchSettings: "get: No settings file exists, new profile?" (new Error("", "(unknown module)"))
1617560278905	Marionette	INFO	Listening on port 59661
1617560279088	Marionette	WARN	TLS certificate errors will be ignored for this session
1617560300590	Marionette	INFO	Stopped listening on port 59661

###!!! [Child][RunMessage] Error: Channel closing: too late to send/recv, messages will be lost

1617560681853	geckodriver	INFO	Listening on 127.0.0.1:59919
1617560684919	mozrunner::runner	INFO	Running command: "C:\\Program Files\\Mozilla Firefox\\firefox.exe" "--marionette" "-foreground" "-no-remote" "-profile" "C:\\Users\\justi\\AppData\\Local\\Temp\\rust_mozprofilevSXgZ3"
console.warn: SearchSettings: "get: No settings file exists, new profile?" (new Error("", "(unknown module)"))
1617560691308	Marionette	INFO	Listening on port 59928
1617560691409	Marionette	WARN	TLS certificate errors will be ignored for this session
[Parent 18424, IPC I/O Parent] WARNING: file /builds/worker/checkouts/gecko/ipc/chromium/src/base/process_util_win.cc:167
1617560931745	Marionette	INFO	Stopped listening on port 59928

###!!! [Child][RunMessage] Error: Channel closing: too late to send/recv, messages will be lost

e.warn: SearchSettings: "get: No settings file exists, new profile?" (new Error("", "(unknown module)"))
1617560723670	Marionette	INFO	Listening on port 60003
1617560723858	Marionette	WARN	TLS certificate errors will be ignored for this session
1617560932887	Marionette	INFO	Stopped listening on port 60003

###!!! [Child][RunMessage] Error: Channel closing: too late to send/recv, messages will be lost

"--marionette" "-foreground" "-no-remote" "-profile" "C:\\Users\\justi\\AppData\\Local\\Temp\\rust_mozprofile5iTQsc"
console.warn: SearchSettings: "get: No settings file exists, new profile?" (new Error("", "(unknown module)"))
1617560814887	Marionette	INFO	Listening on port 60126
1617560815377	Marionette	WARN	TLS certificate errors will be ignored for this session
1617560934048	Marionette	INFO	Stopped listening on port 60126

###!!! [Child][RunMessage] Error: Channel closing: too late to send/recv, messages will be lost

"--marionette" "-foreground" "-no-remote" "-profile" "C:\\Users\\justi\\AppData\\Local\\Temp\\rust_mozprofilenrUWIL"
console.warn: SearchSettings: "get: No settings file exists, new profile?" (new Error("", "(unknown module)"))
1617560904766	Marionette	INFO	Listening on port 60243
1617560905292	Marionette	WARN	TLS certificate errors will be ignored for this session
1617560936316	Marionette	INFO	Stopped listening on port 60243

###!!! [Child][RunMessage] Error: Channel closing: too late to send/recv, messages will be lost

1617561097421	geckodriver	INFO	Listening on 127.0.0.1:60417
1617561100487	mozrunner::runner	INFO	Running command: "C:\\Program Files\\Mozilla Firefox\\firefox.exe" "--marionette" "-foreground" "-no-remote" "-profile" "C:\\Users\\justi\\AppData\\Local\\Temp\\rust_mozprofilejfoyUi"
console.warn: SearchSettings: "get: No settings file exists, new profile?" (new Error("", "(unknown module)"))
1617561106334	Marionette	INFO	Listening on port 60427
1617561106871	Marionette	WARN	TLS certificate errors will be ignored for this session
1617561599726	Marionette	INFO	Stopped listening on port 60427
7561222201	mozrunner::runner	INFO	Running command: "C:\\Program Files\\Mozilla Firefox\\firefox.exe" "--marionette" "-foreground" "-no-remote" "-profile" "C:\\Users\\justi\\AppData\\Local\\Temp\\rust_mozprofileMIstAo"
console.warn: SearchSettings: "get: No settings file exists, new profile?" (new Error("", "(unknown module)"))
1617561229219	Marionette	INFO	Listening on port 60549
1617561229687	Marionette	WARN	TLS certificate errors will be ignored for this session
1617561600097	Marionette	INFO	Stopped listening on port 60549

###!!! [Child][RunMessage] Error: Channel closing: too late to send/recv, messages will be lost

"--marionette" "-foreground" "-no-remote" "-profile" "C:\\Users\\justi\\AppData\\Local\\Temp\\rust_mozprofilezuppxn"
console.warn: SearchSettings: "get: No settings file exists, new profile?" (new Error("", "(unknown module)"))
1617561258391	Marionette	INFO	Listening on port 60625
1617561258640	Marionette	WARN	TLS certificate errors will be ignored for this session
[Parent 22492, IPC I/O Parent] WARNING: file /builds/worker/checkouts/gecko/ipc/chromium/src/base/process_util_win.cc:167
1617561601913	Marionette	INFO	Stopped listening on port 60625

###!!! [Child][RunMessage] Error: Channel closing: too late to send/recv, messages will be lost

e.warn: SearchSettings: "get: No settings file exists, new profile?" (new Error("", "(unknown module)"))
1617561361658	Marionette	INFO	Listening on port 60740
1617561362231	Marionette	WARN	TLS certificate errors will be ignored for this session
1617561603068	Marionette	INFO	Stopped listening on port 60740

###!!! [Child][RunMessage] Error: Channel closing: too late to send/recv, messages will be lost

1617563460199	geckodriver	INFO	Listening on 127.0.0.1:61891
1617566988826	geckodriver	INFO	Listening on 127.0.0.1:63705
1617566991915	mozrunner::runner	INFO	Running command: "C:\\Program Files\\Mozilla Firefox\\firefox.exe" "--marionette" "-foreground" "-no-remote" "-profile" "C:\\Users\\justi\\AppData\\Local\\Temp\\rust_mozprofilekVHyRT"
console.warn: SearchSettings: "get: No settings file exists, new profile?" (new Error("", "(unknown module)"))
JavaScript error: resource://activity-stream/lib/ActivityStreamPrefs.jsm, line 27: NS_ERROR_ILLEGAL_VALUE: Component returned failure code: 0x80070057 (NS_ERROR_ILLEGAL_VALUE) [nsIPrefBranch.removeObserver]
console.error: Region.jsm: "Error fetching region" (new TypeError("NetworkError when attempting to fetch resource.", ""))
console.error: Region.jsm: "Failed to fetch region" (new Error("NO_RESULT", "resource://gre/modules/Region.jsm", 419))
[Parent 16632, IPC I/O Parent] WARNING: file /builds/worker/checkouts/gecko/ipc/chromium/src/base/process_util_win.cc:167
JavaScript error: resource://gre/modules/JSONFile.jsm, line 196: Error: Data is not ready.
console.log: "RemoteSettingsWorker error: Error: Can't import when we've started shutting down."
console.log: "RemoteSettingsWorker error: Error: Can't import when we've started shutting down."
console.log: "RemoteSettingsWorker error: Error: Can't import when we've started shutting down."
console.error: "Could not load engine google@search.mozilla.org: [Exception... \"AddonManager is not initialized\"  nsresult: \"0xc1f30001 (NS_ERROR_NOT_INITIALIZED)\"  location: \"JS frame :: resource://gre/modules/AddonManager.jsm :: installBuiltinAddon :: line 2550\"  data: no]"
console.error: "Could not load engine leo_ende_de@search.mozilla.org: [Exception... \"AddonManager is not initialized\"  nsresult: \"0xc1f30001 (NS_ERROR_NOT_INITIALIZED)\"  location: \"JS frame :: resource://gre/modules/AddonManager.jsm :: installBuiltinAddon :: line 2550\"  data: no]"
console.error: "Could not load engine ecosia@search.mozilla.org: [Exception... \"AddonManager is not initialized\"  nsresult: \"0xc1f30001 (NS_ERROR_NOT_INITIALIZED)\"  location: \"JS frame :: resource://gre/modules/AddonManager.jsm :: installBuiltinAddon :: line 2550\"  data: no]"
console.error: "Could not load engine wikipedia@search.mozilla.org: [Exception... \"AddonManager is not initialized\"  nsresult: \"0xc1f30001 (NS_ERROR_NOT_INITIALIZED)\"  location: \"JS frame :: resource://gre/modules/AddonManager.jsm :: installBuiltinAddon :: line 2550\"  data: no]"
console.error: "Could not load engine bing@search.mozilla.org: [Exception... \"AddonManager is not initialized\"  nsresult: \"0xc1f30001 (NS_ERROR_NOT_INITIALIZED)\"  location: \"JS frame :: resource://gre/modules/AddonManager.jsm :: installBuiltinAddon :: line 2550\"  data: no]"
console.error: "Could not load engine amazon@search.mozilla.org: [Exception... \"AddonManager is not initialized\"  nsresult: \"0xc1f30001 (NS_ERROR_NOT_INITIALIZED)\"  location: \"JS frame :: resource://gre/modules/AddonManager.jsm :: installBuiltinAddon :: line 2550\"  data: no]"
console.error: "Could not load engine ddg@search.mozilla.org: [Exception... \"AddonManager is not initialized\"  nsresult: \"0xc1f30001 (NS_ERROR_NOT_INITIALIZED)\"  location: \"JS frame :: resource://gre/modules/AddonManager.jsm :: installBuiltinAddon :: line 2550\"  data: no]"
console.error: "Could not load engine ebay@search.mozilla.org: [Exception... \"AddonManager is not initialized\"  nsresult: \"0xc1f30001 (NS_ERROR_NOT_INITIALIZED)\"  location: \"JS frame :: resource://gre/modules/AddonManager.jsm :: installBuiltinAddon :: line 2550\"  data: no]"
console.warn: SearchService: "_init: abandoning init due to shutting down"
JavaScript error: , line 0: uncaught exception: 2147500036
JavaScript error: , line 0: uncaught exception: 2147500036
JavaScript error: resource://activity-stream/lib/PlacesFeed.jsm, line 168: NS_ERROR_XPC_GS_RETURNED_FAILURE: ServiceManager::GetService returned failure code:
JavaScript error: resource://gre/modules/ExtensionSettingsStore.jsm, line 122: Error: The ExtensionSettingsStore was accessed before the initialize promise resolved.
JavaScript error: , line 0: AbortError: A request was aborted, for example through a call to IDBTransaction.abort.
JavaScript error: , line 0: uncaught exception: 2147500036
JavaScript error: , line 0: uncaught exception: 2147500036
JavaScript error: resource://gre/modules/AsyncShutdown.jsm, line 575: uncaught exception: Object

###!!! [Child][RunMessage] Error: Channel closing: too late to send/recv, messages will be lost

